{"/Users/jin/Desktop/jinsewoon.dev/react-modal-manager-hook/package/postcss.config.cjs": {"path":"/Users/jin/Desktop/jinsewoon.dev/react-modal-manager-hook/package/postcss.config.cjs","all":true,"statementMap":{"0":{"start":{"line":1,"column":0},"end":{"line":1,"column":18}},"1":{"start":{"line":2,"column":0},"end":{"line":2,"column":12}},"2":{"start":{"line":3,"column":0},"end":{"line":3,"column":27}},"3":{"start":{"line":4,"column":0},"end":{"line":4,"column":31}},"4":{"start":{"line":5,"column":0},"end":{"line":5,"column":6}},"5":{"start":{"line":6,"column":0},"end":{"line":6,"column":24}},"6":{"start":{"line":7,"column":0},"end":{"line":7,"column":50}},"7":{"start":{"line":8,"column":0},"end":{"line":8,"column":22}},"8":{"start":{"line":9,"column":0},"end":{"line":9,"column":26}},"9":{"start":{"line":10,"column":0},"end":{"line":10,"column":15}},"10":{"start":{"line":11,"column":0},"end":{"line":11,"column":8}},"11":{"start":{"line":12,"column":0},"end":{"line":12,"column":6}},"12":{"start":{"line":13,"column":0},"end":{"line":13,"column":4}},"13":{"start":{"line":14,"column":0},"end":{"line":14,"column":2}}},"s":{"0":0,"1":0,"2":0,"3":0,"4":0,"5":0,"6":0,"7":0,"8":0,"9":0,"10":0,"11":0,"12":0,"13":0},"branchMap":{"0":{"type":"branch","line":1,"loc":{"start":{"line":1,"column":264},"end":{"line":14,"column":2}},"locations":[{"start":{"line":1,"column":264},"end":{"line":14,"column":2}}]}},"b":{"0":[0]},"fnMap":{"0":{"name":"(empty-report)","decl":{"start":{"line":1,"column":264},"end":{"line":14,"column":2}},"loc":{"start":{"line":1,"column":264},"end":{"line":14,"column":2}},"line":1}},"f":{"0":0}}
,"/Users/jin/Desktop/jinsewoon.dev/react-modal-manager-hook/package/src/index.ts": {"path":"/Users/jin/Desktop/jinsewoon.dev/react-modal-manager-hook/package/src/index.ts","all":true,"statementMap":{"0":{"start":{"line":1,"column":0},"end":{"line":1,"column":68}}},"s":{"0":0},"branchMap":{"0":{"type":"branch","line":1,"loc":{"start":{"line":1,"column":0},"end":{"line":2,"column":-1}},"locations":[{"start":{"line":1,"column":0},"end":{"line":2,"column":-1}}]}},"b":{"0":[0]},"fnMap":{"0":{"name":"(empty-report)","decl":{"start":{"line":1,"column":0},"end":{"line":2,"column":-1}},"loc":{"start":{"line":1,"column":0},"end":{"line":2,"column":-1}},"line":1}},"f":{"0":0}}
,"/Users/jin/Desktop/jinsewoon.dev/react-modal-manager-hook/package/src/context/ModalProvider.tsx": {"path":"/Users/jin/Desktop/jinsewoon.dev/react-modal-manager-hook/package/src/context/ModalProvider.tsx","all":false,"statementMap":{"0":{"start":{"line":1,"column":0},"end":{"line":1,"column":60}},"8":{"start":{"line":9,"column":0},"end":{"line":9,"column":46}},"14":{"start":{"line":15,"column":0},"end":{"line":15,"column":37}},"15":{"start":{"line":16,"column":0},"end":{"line":16,"column":20}},"16":{"start":{"line":17,"column":0},"end":{"line":17,"column":15}},"17":{"start":{"line":18,"column":0},"end":{"line":18,"column":27}},"18":{"start":{"line":19,"column":0},"end":{"line":19,"column":30}},"19":{"start":{"line":20,"column":0},"end":{"line":20,"column":40}},"20":{"start":{"line":21,"column":0},"end":{"line":21,"column":20}},"21":{"start":{"line":22,"column":0},"end":{"line":22,"column":2}},"23":{"start":{"line":24,"column":0},"end":{"line":24,"column":31}},"24":{"start":{"line":25,"column":0},"end":{"line":25,"column":11}},"25":{"start":{"line":26,"column":0},"end":{"line":26,"column":23}},"26":{"start":{"line":27,"column":0},"end":{"line":27,"column":39}},"27":{"start":{"line":28,"column":0},"end":{"line":28,"column":27}},"28":{"start":{"line":29,"column":0},"end":{"line":29,"column":76}},"29":{"start":{"line":30,"column":0},"end":{"line":30,"column":67}},"30":{"start":{"line":31,"column":0},"end":{"line":31,"column":4}},"32":{"start":{"line":33,"column":0},"end":{"line":33,"column":60}},"33":{"start":{"line":34,"column":0},"end":{"line":34,"column":10}},"34":{"start":{"line":35,"column":0},"end":{"line":35,"column":26}},"35":{"start":{"line":36,"column":0},"end":{"line":36,"column":63}},"37":{"start":{"line":38,"column":0},"end":{"line":38,"column":32}},"38":{"start":{"line":39,"column":0},"end":{"line":39,"column":28}},"39":{"start":{"line":40,"column":0},"end":{"line":40,"column":26}},"40":{"start":{"line":41,"column":0},"end":{"line":41,"column":72}},"41":{"start":{"line":42,"column":0},"end":{"line":42,"column":31}},"42":{"start":{"line":43,"column":0},"end":{"line":43,"column":49}},"43":{"start":{"line":44,"column":0},"end":{"line":44,"column":54}},"44":{"start":{"line":45,"column":0},"end":{"line":45,"column":34}},"45":{"start":{"line":46,"column":0},"end":{"line":46,"column":52}},"46":{"start":{"line":47,"column":0},"end":{"line":47,"column":57}},"47":{"start":{"line":48,"column":0},"end":{"line":48,"column":31}},"48":{"start":{"line":49,"column":0},"end":{"line":49,"column":49}},"49":{"start":{"line":50,"column":0},"end":{"line":50,"column":54}},"50":{"start":{"line":51,"column":0},"end":{"line":51,"column":23}},"51":{"start":{"line":52,"column":0},"end":{"line":52,"column":74}},"52":{"start":{"line":53,"column":0},"end":{"line":53,"column":12}},"53":{"start":{"line":54,"column":0},"end":{"line":54,"column":10}},"55":{"start":{"line":56,"column":0},"end":{"line":56,"column":16}},"56":{"start":{"line":57,"column":0},"end":{"line":57,"column":28}},"58":{"start":{"line":59,"column":0},"end":{"line":59,"column":2}},"61":{"start":{"line":62,"column":0},"end":{"line":62,"column":31}},"62":{"start":{"line":63,"column":0},"end":{"line":63,"column":68}},"63":{"start":{"line":64,"column":0},"end":{"line":64,"column":17}},"64":{"start":{"line":65,"column":0},"end":{"line":65,"column":68}},"65":{"start":{"line":66,"column":0},"end":{"line":66,"column":3}},"66":{"start":{"line":67,"column":0},"end":{"line":67,"column":17}},"67":{"start":{"line":68,"column":0},"end":{"line":68,"column":2}}},"s":{"0":1,"8":1,"14":1,"15":1,"16":1,"17":1,"18":1,"19":1,"20":1,"21":1,"23":1,"24":11,"25":11,"26":11,"27":11,"28":11,"29":11,"30":11,"32":11,"33":11,"34":11,"35":11,"37":11,"38":10,"39":10,"40":10,"41":10,"42":10,"43":0,"44":10,"45":10,"46":0,"47":10,"48":10,"49":0,"50":10,"51":10,"52":10,"53":10,"55":11,"56":11,"58":11,"61":1,"62":19,"63":19,"64":0,"65":0,"66":19,"67":19},"branchMap":{"0":{"type":"branch","line":24,"loc":{"start":{"line":24,"column":29},"end":{"line":59,"column":2}},"locations":[{"start":{"line":24,"column":29},"end":{"line":59,"column":2}}]},"1":{"type":"branch","line":30,"loc":{"start":{"line":30,"column":18},"end":{"line":30,"column":67}},"locations":[{"start":{"line":30,"column":18},"end":{"line":30,"column":67}}]},"2":{"type":"branch","line":38,"loc":{"start":{"line":38,"column":7},"end":{"line":54,"column":10}},"locations":[{"start":{"line":38,"column":7},"end":{"line":54,"column":10}}]},"3":{"type":"branch","line":41,"loc":{"start":{"line":41,"column":34},"end":{"line":41,"column":72}},"locations":[{"start":{"line":41,"column":34},"end":{"line":41,"column":72}}]},"4":{"type":"branch","line":43,"loc":{"start":{"line":43,"column":28},"end":{"line":44,"column":54}},"locations":[{"start":{"line":43,"column":28},"end":{"line":44,"column":54}}]},"5":{"type":"branch","line":46,"loc":{"start":{"line":46,"column":28},"end":{"line":47,"column":57}},"locations":[{"start":{"line":46,"column":28},"end":{"line":47,"column":57}}]},"6":{"type":"branch","line":49,"loc":{"start":{"line":49,"column":28},"end":{"line":50,"column":54}},"locations":[{"start":{"line":49,"column":28},"end":{"line":50,"column":54}}]},"7":{"type":"branch","line":52,"loc":{"start":{"line":52,"column":28},"end":{"line":52,"column":74}},"locations":[{"start":{"line":52,"column":28},"end":{"line":52,"column":74}}]},"8":{"type":"branch","line":62,"loc":{"start":{"line":62,"column":24},"end":{"line":68,"column":2}},"locations":[{"start":{"line":62,"column":24},"end":{"line":68,"column":2}}]},"9":{"type":"branch","line":64,"loc":{"start":{"line":64,"column":16},"end":{"line":66,"column":3}},"locations":[{"start":{"line":64,"column":16},"end":{"line":66,"column":3}}]}},"b":{"0":[11],"1":[0],"2":[10],"3":[0],"4":[0],"5":[0],"6":[0],"7":[0],"8":[19],"9":[0]},"fnMap":{"0":{"name":"ModalProvider","decl":{"start":{"line":24,"column":29},"end":{"line":59,"column":2}},"loc":{"start":{"line":24,"column":29},"end":{"line":59,"column":2}},"line":24},"1":{"name":"useModal","decl":{"start":{"line":62,"column":24},"end":{"line":68,"column":2}},"loc":{"start":{"line":62,"column":24},"end":{"line":68,"column":2}},"line":62}},"f":{"0":11,"1":19}}
,"/Users/jin/Desktop/jinsewoon.dev/react-modal-manager-hook/package/src/hooks/useModalManager.ts": {"path":"/Users/jin/Desktop/jinsewoon.dev/react-modal-manager-hook/package/src/hooks/useModalManager.ts","all":false,"statementMap":{"0":{"start":{"line":1,"column":0},"end":{"line":1,"column":72}},"14":{"start":{"line":15,"column":0},"end":{"line":15,"column":32}},"15":{"start":{"line":16,"column":0},"end":{"line":16,"column":26}},"16":{"start":{"line":17,"column":0},"end":{"line":17,"column":29}},"17":{"start":{"line":18,"column":0},"end":{"line":18,"column":74}},"18":{"start":{"line":19,"column":0},"end":{"line":19,"column":79}},"25":{"start":{"line":26,"column":0},"end":{"line":26,"column":32}},"26":{"start":{"line":27,"column":0},"end":{"line":27,"column":65}},"27":{"start":{"line":28,"column":0},"end":{"line":28,"column":36}},"28":{"start":{"line":29,"column":0},"end":{"line":29,"column":54}},"31":{"start":{"line":32,"column":0},"end":{"line":32,"column":49}},"32":{"start":{"line":33,"column":0},"end":{"line":33,"column":40}},"33":{"start":{"line":34,"column":0},"end":{"line":34,"column":19}},"34":{"start":{"line":35,"column":0},"end":{"line":35,"column":8}},"37":{"start":{"line":38,"column":0},"end":{"line":38,"column":27}},"38":{"start":{"line":39,"column":0},"end":{"line":39,"column":16}},"39":{"start":{"line":40,"column":0},"end":{"line":40,"column":9}},"40":{"start":{"line":41,"column":0},"end":{"line":41,"column":13}},"41":{"start":{"line":42,"column":0},"end":{"line":42,"column":37}},"42":{"start":{"line":43,"column":0},"end":{"line":43,"column":26}},"43":{"start":{"line":44,"column":0},"end":{"line":44,"column":19}},"44":{"start":{"line":45,"column":0},"end":{"line":45,"column":67}},"45":{"start":{"line":46,"column":0},"end":{"line":46,"column":31}},"46":{"start":{"line":47,"column":0},"end":{"line":47,"column":44}},"47":{"start":{"line":48,"column":0},"end":{"line":48,"column":54}},"48":{"start":{"line":49,"column":0},"end":{"line":49,"column":34}},"49":{"start":{"line":50,"column":0},"end":{"line":50,"column":47}},"50":{"start":{"line":51,"column":0},"end":{"line":51,"column":57}},"51":{"start":{"line":52,"column":0},"end":{"line":52,"column":12}},"52":{"start":{"line":53,"column":0},"end":{"line":53,"column":18}},"53":{"start":{"line":54,"column":0},"end":{"line":54,"column":10}},"54":{"start":{"line":55,"column":0},"end":{"line":55,"column":9}},"55":{"start":{"line":56,"column":0},"end":{"line":56,"column":6}},"56":{"start":{"line":57,"column":0},"end":{"line":57,"column":6}},"57":{"start":{"line":58,"column":0},"end":{"line":58,"column":4}},"62":{"start":{"line":63,"column":0},"end":{"line":63,"column":40}},"63":{"start":{"line":64,"column":0},"end":{"line":64,"column":25}},"64":{"start":{"line":65,"column":0},"end":{"line":65,"column":58}},"67":{"start":{"line":68,"column":0},"end":{"line":68,"column":56}},"68":{"start":{"line":69,"column":0},"end":{"line":69,"column":40}},"69":{"start":{"line":70,"column":0},"end":{"line":70,"column":48}},"70":{"start":{"line":71,"column":0},"end":{"line":71,"column":9}},"71":{"start":{"line":72,"column":0},"end":{"line":72,"column":21}},"72":{"start":{"line":73,"column":0},"end":{"line":73,"column":9}},"75":{"start":{"line":76,"column":0},"end":{"line":76,"column":29}},"76":{"start":{"line":77,"column":0},"end":{"line":77,"column":54}},"77":{"start":{"line":78,"column":0},"end":{"line":78,"column":26}},"78":{"start":{"line":79,"column":0},"end":{"line":79,"column":63}},"79":{"start":{"line":80,"column":0},"end":{"line":80,"column":34}},"80":{"start":{"line":81,"column":0},"end":{"line":81,"column":65}},"81":{"start":{"line":82,"column":0},"end":{"line":82,"column":14}},"82":{"start":{"line":83,"column":0},"end":{"line":83,"column":52}},"83":{"start":{"line":84,"column":0},"end":{"line":84,"column":27}},"84":{"start":{"line":85,"column":0},"end":{"line":85,"column":9}},"85":{"start":{"line":86,"column":0},"end":{"line":86,"column":14}},"87":{"start":{"line":88,"column":0},"end":{"line":88,"column":36}},"88":{"start":{"line":89,"column":0},"end":{"line":89,"column":58}},"89":{"start":{"line":90,"column":0},"end":{"line":90,"column":10}},"90":{"start":{"line":91,"column":0},"end":{"line":91,"column":7}},"92":{"start":{"line":93,"column":0},"end":{"line":93,"column":27}},"93":{"start":{"line":94,"column":0},"end":{"line":94,"column":7}},"94":{"start":{"line":95,"column":0},"end":{"line":95,"column":21}},"99":{"start":{"line":100,"column":0},"end":{"line":100,"column":44}},"100":{"start":{"line":101,"column":0},"end":{"line":101,"column":79}},"103":{"start":{"line":104,"column":0},"end":{"line":104,"column":27}},"104":{"start":{"line":105,"column":0},"end":{"line":105,"column":24}},"105":{"start":{"line":106,"column":0},"end":{"line":106,"column":37}},"106":{"start":{"line":107,"column":0},"end":{"line":107,"column":23}},"107":{"start":{"line":108,"column":0},"end":{"line":108,"column":12}},"108":{"start":{"line":109,"column":0},"end":{"line":109,"column":29}},"109":{"start":{"line":110,"column":0},"end":{"line":110,"column":5}},"110":{"start":{"line":111,"column":0},"end":{"line":111,"column":21}},"115":{"start":{"line":116,"column":0},"end":{"line":116,"column":19}},"116":{"start":{"line":117,"column":0},"end":{"line":117,"column":18}},"117":{"start":{"line":118,"column":0},"end":{"line":118,"column":56}},"118":{"start":{"line":119,"column":0},"end":{"line":119,"column":46}},"119":{"start":{"line":120,"column":0},"end":{"line":120,"column":9}},"120":{"start":{"line":121,"column":0},"end":{"line":121,"column":6}},"121":{"start":{"line":122,"column":0},"end":{"line":122,"column":9}},"123":{"start":{"line":124,"column":0},"end":{"line":124,"column":59}},"124":{"start":{"line":125,"column":0},"end":{"line":125,"column":2}}},"s":{"0":1,"14":1,"15":21,"16":21,"17":21,"18":21,"25":21,"26":21,"27":9,"28":9,"31":9,"32":9,"33":9,"34":9,"37":9,"38":9,"39":9,"40":9,"41":9,"42":9,"43":9,"44":9,"45":9,"46":9,"47":9,"48":9,"49":9,"50":9,"51":9,"52":9,"53":9,"54":9,"55":9,"56":21,"57":21,"62":21,"63":2,"64":2,"67":2,"68":3,"69":2,"70":2,"71":1,"72":2,"75":2,"76":2,"77":2,"78":2,"79":2,"80":2,"81":2,"82":2,"83":2,"84":2,"85":2,"87":0,"88":0,"89":0,"90":0,"92":2,"93":2,"94":21,"99":21,"100":2,"103":2,"104":2,"105":2,"106":2,"107":2,"108":0,"109":0,"110":21,"115":21,"116":8,"117":8,"118":0,"119":8,"120":8,"121":21,"123":21,"124":21},"branchMap":{"0":{"type":"branch","line":15,"loc":{"start":{"line":15,"column":31},"end":{"line":125,"column":2}},"locations":[{"start":{"line":15,"column":31},"end":{"line":125,"column":2}}]},"1":{"type":"branch","line":27,"loc":{"start":{"line":27,"column":4},"end":{"line":56,"column":6}},"locations":[{"start":{"line":27,"column":4},"end":{"line":56,"column":6}}]},"2":{"type":"branch","line":29,"loc":{"start":{"line":29,"column":22},"end":{"line":29,"column":54}},"locations":[{"start":{"line":29,"column":22},"end":{"line":29,"column":54}}]},"3":{"type":"branch","line":38,"loc":{"start":{"line":38,"column":16},"end":{"line":55,"column":7}},"locations":[{"start":{"line":38,"column":16},"end":{"line":55,"column":7}}]},"4":{"type":"branch","line":45,"loc":{"start":{"line":45,"column":20},"end":{"line":45,"column":39}},"locations":[{"start":{"line":45,"column":20},"end":{"line":45,"column":39}}]},"5":{"type":"branch","line":47,"loc":{"start":{"line":47,"column":14},"end":{"line":47,"column":44}},"locations":[{"start":{"line":47,"column":14},"end":{"line":47,"column":44}}]},"6":{"type":"branch","line":50,"loc":{"start":{"line":50,"column":14},"end":{"line":50,"column":47}},"locations":[{"start":{"line":50,"column":14},"end":{"line":50,"column":47}}]},"7":{"type":"branch","line":63,"loc":{"start":{"line":63,"column":33},"end":{"line":95,"column":5}},"locations":[{"start":{"line":63,"column":33},"end":{"line":95,"column":5}}]},"8":{"type":"branch","line":64,"loc":{"start":{"line":64,"column":14},"end":{"line":94,"column":5}},"locations":[{"start":{"line":64,"column":14},"end":{"line":94,"column":5}}]},"9":{"type":"branch","line":65,"loc":{"start":{"line":65,"column":29},"end":{"line":65,"column":58}},"locations":[{"start":{"line":65,"column":29},"end":{"line":65,"column":58}}]},"10":{"type":"branch","line":86,"loc":{"start":{"line":86,"column":6},"end":{"line":91,"column":7}},"locations":[{"start":{"line":86,"column":6},"end":{"line":91,"column":7}}]},"11":{"type":"branch","line":68,"loc":{"start":{"line":68,"column":37},"end":{"line":73,"column":7}},"locations":[{"start":{"line":68,"column":37},"end":{"line":73,"column":7}}]},"12":{"type":"branch","line":69,"loc":{"start":{"line":69,"column":39},"end":{"line":72,"column":21}},"locations":[{"start":{"line":69,"column":39},"end":{"line":72,"column":21}}]},"13":{"type":"branch","line":71,"loc":{"start":{"line":71,"column":8},"end":{"line":72,"column":21}},"locations":[{"start":{"line":71,"column":8},"end":{"line":72,"column":21}}]},"14":{"type":"branch","line":79,"loc":{"start":{"line":79,"column":56},"end":{"line":84,"column":13}},"locations":[{"start":{"line":79,"column":56},"end":{"line":84,"column":13}}]},"15":{"type":"branch","line":80,"loc":{"start":{"line":80,"column":22},"end":{"line":81,"column":65}},"locations":[{"start":{"line":80,"column":22},"end":{"line":81,"column":65}}]},"16":{"type":"branch","line":81,"loc":{"start":{"line":81,"column":29},"end":{"line":81,"column":64}},"locations":[{"start":{"line":81,"column":29},"end":{"line":81,"column":64}}]},"17":{"type":"branch","line":100,"loc":{"start":{"line":100,"column":37},"end":{"line":111,"column":5}},"locations":[{"start":{"line":100,"column":37},"end":{"line":111,"column":5}}]},"18":{"type":"branch","line":108,"loc":{"start":{"line":108,"column":4},"end":{"line":110,"column":5}},"locations":[{"start":{"line":108,"column":4},"end":{"line":110,"column":5}}]},"19":{"type":"branch","line":101,"loc":{"start":{"line":101,"column":14},"end":{"line":101,"column":77}},"locations":[{"start":{"line":101,"column":14},"end":{"line":101,"column":77}}]},"20":{"type":"branch","line":101,"loc":{"start":{"line":101,"column":33},"end":{"line":101,"column":76}},"locations":[{"start":{"line":101,"column":33},"end":{"line":101,"column":76}}]},"21":{"type":"branch","line":105,"loc":{"start":{"line":105,"column":17},"end":{"line":107,"column":9}},"locations":[{"start":{"line":105,"column":17},"end":{"line":107,"column":9}}]},"22":{"type":"branch","line":116,"loc":{"start":{"line":116,"column":12},"end":{"line":122,"column":5}},"locations":[{"start":{"line":116,"column":12},"end":{"line":122,"column":5}}]},"23":{"type":"branch","line":117,"loc":{"start":{"line":117,"column":11},"end":{"line":121,"column":6}},"locations":[{"start":{"line":117,"column":11},"end":{"line":121,"column":6}}]}},"b":{"0":[21],"1":[9],"2":[0],"3":[9],"4":[0],"5":[0],"6":[0],"7":[2],"8":[2],"9":[0],"10":[0],"11":[3],"12":[2],"13":[1],"14":[2],"15":[2],"16":[3],"17":[2],"18":[0],"19":[2],"20":[5],"21":[2],"22":[8],"23":[8]},"fnMap":{"0":{"name":"useModalManager","decl":{"start":{"line":15,"column":31},"end":{"line":125,"column":2}},"loc":{"start":{"line":15,"column":31},"end":{"line":125,"column":2}},"line":15}},"f":{"0":21}}
,"/Users/jin/Desktop/jinsewoon.dev/react-modal-manager-hook/package/src/layouts/BasicModalContainer.tsx": {"path":"/Users/jin/Desktop/jinsewoon.dev/react-modal-manager-hook/package/src/layouts/BasicModalContainer.tsx","all":false,"statementMap":{"0":{"start":{"line":1,"column":0},"end":{"line":1,"column":38}},"12":{"start":{"line":13,"column":0},"end":{"line":13,"column":37}},"13":{"start":{"line":14,"column":0},"end":{"line":14,"column":16}},"14":{"start":{"line":15,"column":0},"end":{"line":15,"column":33}},"15":{"start":{"line":16,"column":0},"end":{"line":16,"column":44}},"17":{"start":{"line":18,"column":0},"end":{"line":18,"column":10}},"18":{"start":{"line":19,"column":0},"end":{"line":19,"column":6}},"19":{"start":{"line":20,"column":0},"end":{"line":20,"column":37}},"20":{"start":{"line":21,"column":0},"end":{"line":21,"column":12}},"21":{"start":{"line":22,"column":0},"end":{"line":22,"column":24}},"22":{"start":{"line":23,"column":0},"end":{"line":23,"column":110}},"23":{"start":{"line":24,"column":0},"end":{"line":24,"column":18}},"24":{"start":{"line":25,"column":0},"end":{"line":25,"column":30}},"25":{"start":{"line":26,"column":0},"end":{"line":26,"column":21}},"26":{"start":{"line":27,"column":0},"end":{"line":27,"column":28}},"27":{"start":{"line":28,"column":0},"end":{"line":28,"column":33}},"28":{"start":{"line":29,"column":0},"end":{"line":29,"column":37}},"29":{"start":{"line":30,"column":0},"end":{"line":30,"column":48}},"30":{"start":{"line":31,"column":0},"end":{"line":31,"column":48}},"31":{"start":{"line":32,"column":0},"end":{"line":32,"column":30}},"32":{"start":{"line":33,"column":0},"end":{"line":33,"column":53}},"33":{"start":{"line":34,"column":0},"end":{"line":34,"column":77}},"34":{"start":{"line":35,"column":0},"end":{"line":35,"column":12}},"35":{"start":{"line":36,"column":0},"end":{"line":36,"column":25}},"37":{"start":{"line":38,"column":0},"end":{"line":38,"column":79}},"38":{"start":{"line":39,"column":0},"end":{"line":39,"column":28}},"39":{"start":{"line":40,"column":0},"end":{"line":40,"column":34}},"42":{"start":{"line":43,"column":0},"end":{"line":43,"column":14}},"43":{"start":{"line":44,"column":0},"end":{"line":44,"column":20}},"44":{"start":{"line":45,"column":0},"end":{"line":45,"column":63}},"45":{"start":{"line":46,"column":0},"end":{"line":46,"column":14}},"46":{"start":{"line":47,"column":0},"end":{"line":47,"column":65}},"48":{"start":{"line":49,"column":0},"end":{"line":49,"column":29}},"49":{"start":{"line":50,"column":0},"end":{"line":50,"column":16}},"50":{"start":{"line":51,"column":0},"end":{"line":51,"column":14}},"51":{"start":{"line":52,"column":0},"end":{"line":52,"column":9}},"52":{"start":{"line":53,"column":0},"end":{"line":53,"column":7}},"54":{"start":{"line":55,"column":0},"end":{"line":55,"column":2}}},"s":{"0":1,"12":1,"13":10,"14":10,"15":10,"17":10,"18":10,"19":10,"20":8,"21":8,"22":8,"23":8,"24":8,"25":8,"26":8,"27":8,"28":8,"29":8,"30":8,"31":0,"32":8,"33":8,"34":8,"35":8,"37":0,"38":0,"39":0,"42":8,"43":8,"44":8,"45":8,"46":8,"48":8,"49":8,"50":8,"51":10,"52":10,"54":10},"branchMap":{"0":{"type":"branch","line":13,"loc":{"start":{"line":13,"column":35},"end":{"line":55,"column":2}},"locations":[{"start":{"line":13,"column":35},"end":{"line":55,"column":2}}]},"1":{"type":"branch","line":20,"loc":{"start":{"line":20,"column":18},"end":{"line":51,"column":14}},"locations":[{"start":{"line":20,"column":18},"end":{"line":51,"column":14}}]},"2":{"type":"branch","line":23,"loc":{"start":{"line":23,"column":30},"end":{"line":23,"column":58}},"locations":[{"start":{"line":23,"column":30},"end":{"line":23,"column":58}}]},"3":{"type":"branch","line":23,"loc":{"start":{"line":23,"column":49},"end":{"line":23,"column":72}},"locations":[{"start":{"line":23,"column":49},"end":{"line":23,"column":72}}]},"4":{"type":"branch","line":31,"loc":{"start":{"line":31,"column":30},"end":{"line":32,"column":30}},"locations":[{"start":{"line":31,"column":30},"end":{"line":32,"column":30}}]},"5":{"type":"branch","line":34,"loc":{"start":{"line":34,"column":33},"end":{"line":34,"column":54}},"locations":[{"start":{"line":34,"column":33},"end":{"line":34,"column":54}}]},"6":{"type":"branch","line":34,"loc":{"start":{"line":34,"column":45},"end":{"line":34,"column":77}},"locations":[{"start":{"line":34,"column":45},"end":{"line":34,"column":77}}]},"7":{"type":"branch","line":45,"loc":{"start":{"line":45,"column":35},"end":{"line":45,"column":56}},"locations":[{"start":{"line":45,"column":35},"end":{"line":45,"column":56}}]},"8":{"type":"branch","line":45,"loc":{"start":{"line":45,"column":47},"end":{"line":45,"column":63}},"locations":[{"start":{"line":45,"column":47},"end":{"line":45,"column":63}}]}},"b":{"0":[10],"1":[8],"2":[4],"3":[4],"4":[0],"5":[4],"6":[4],"7":[4],"8":[4]},"fnMap":{"0":{"name":"BasicModalContainer","decl":{"start":{"line":13,"column":35},"end":{"line":55,"column":2}},"loc":{"start":{"line":13,"column":35},"end":{"line":55,"column":2}},"line":13},"1":{"name":"onClick","decl":{"start":{"line":36,"column":19},"end":{"line":40,"column":34}},"loc":{"start":{"line":36,"column":19},"end":{"line":40,"column":34}},"line":36},"2":{"name":"onClick","decl":{"start":{"line":47,"column":21},"end":{"line":47,"column":65}},"loc":{"start":{"line":47,"column":21},"end":{"line":47,"column":65}},"line":47}},"f":{"0":10,"1":0,"2":0}}
,"/Users/jin/Desktop/jinsewoon.dev/react-modal-manager-hook/package/src/lib/generateUniqueId.ts": {"path":"/Users/jin/Desktop/jinsewoon.dev/react-modal-manager-hook/package/src/lib/generateUniqueId.ts","all":false,"statementMap":{"10":{"start":{"line":11,"column":0},"end":{"line":11,"column":39}},"11":{"start":{"line":12,"column":0},"end":{"line":12,"column":29}},"12":{"start":{"line":13,"column":0},"end":{"line":13,"column":2}}},"s":{"10":1,"11":112,"12":112},"branchMap":{"0":{"type":"branch","line":11,"loc":{"start":{"line":11,"column":32},"end":{"line":13,"column":2}},"locations":[{"start":{"line":11,"column":32},"end":{"line":13,"column":2}}]}},"b":{"0":[112]},"fnMap":{"0":{"name":"generateUniqueId","decl":{"start":{"line":11,"column":32},"end":{"line":13,"column":2}},"loc":{"start":{"line":11,"column":32},"end":{"line":13,"column":2}},"line":11}},"f":{"0":112}}
,"/Users/jin/Desktop/jinsewoon.dev/react-modal-manager-hook/package/src/lib/logError.ts": {"path":"/Users/jin/Desktop/jinsewoon.dev/react-modal-manager-hook/package/src/lib/logError.ts","all":true,"statementMap":{"12":{"start":{"line":13,"column":0},"end":{"line":13,"column":26}},"13":{"start":{"line":14,"column":0},"end":{"line":14,"column":7}},"14":{"start":{"line":15,"column":0},"end":{"line":15,"column":10}},"15":{"start":{"line":16,"column":0},"end":{"line":16,"column":4}},"18":{"start":{"line":19,"column":0},"end":{"line":19,"column":13}},"19":{"start":{"line":20,"column":0},"end":{"line":20,"column":41}},"20":{"start":{"line":21,"column":0},"end":{"line":21,"column":2}}},"s":{"12":0,"13":0,"14":0,"15":0,"18":0,"19":0,"20":0},"branchMap":{"0":{"type":"branch","line":1,"loc":{"start":{"line":1,"column":530},"end":{"line":21,"column":2}},"locations":[{"start":{"line":1,"column":530},"end":{"line":21,"column":2}}]}},"b":{"0":[1]},"fnMap":{"0":{"name":"(empty-report)","decl":{"start":{"line":1,"column":530},"end":{"line":21,"column":2}},"loc":{"start":{"line":1,"column":530},"end":{"line":21,"column":2}},"line":1}},"f":{"0":1}}
,"/Users/jin/Desktop/jinsewoon.dev/react-modal-manager-hook/package/src/model/index.ts": {"path":"/Users/jin/Desktop/jinsewoon.dev/react-modal-manager-hook/package/src/model/index.ts","all":true,"statementMap":{},"s":{},"branchMap":{"0":{"type":"branch","line":1,"loc":{"start":{"line":1,"column":985},"end":{"line":39,"column":1}},"locations":[{"start":{"line":1,"column":985},"end":{"line":39,"column":1}}]}},"b":{"0":[1]},"fnMap":{"0":{"name":"(empty-report)","decl":{"start":{"line":1,"column":985},"end":{"line":39,"column":1}},"loc":{"start":{"line":1,"column":985},"end":{"line":39,"column":1}},"line":1}},"f":{"0":1}}
}
